<?xml version="1.0" encoding="UTF-8"?>
<coverage generated="1672070056">
  <project timestamp="1672070056">
    <file name="/var/www/html/desafio/app/Adapters/UserDtoAdapter.php">
      <class name="App\Adapters\UserDtoAdapter" namespace="global">
        <metrics complexity="5" methods="1" coveredmethods="1" conditionals="0" coveredconditionals="0" statements="10" coveredstatements="10" elements="11" coveredelements="11"/>
      </class>
      <line num="16" type="method" name="adapter" visibility="public" complexity="5" crap="5" count="2"/>
      <line num="18" type="stmt" count="2"/>
      <line num="19" type="stmt" count="2"/>
      <line num="20" type="stmt" count="2"/>
      <line num="21" type="stmt" count="2"/>
      <line num="22" type="stmt" count="2"/>
      <line num="23" type="stmt" count="2"/>
      <line num="24" type="stmt" count="2"/>
      <line num="25" type="stmt" count="2"/>
      <line num="26" type="stmt" count="2"/>
      <line num="28" type="stmt" count="2"/>
      <metrics loc="31" ncloc="25" classes="1" methods="1" coveredmethods="1" conditionals="0" coveredconditionals="0" statements="10" coveredstatements="10" elements="11" coveredelements="11"/>
    </file>
    <file name="/var/www/html/desafio/app/Console/Kernel.php">
      <class name="App\Console\Kernel" namespace="global">
        <metrics complexity="2" methods="2" coveredmethods="1" conditionals="0" coveredconditionals="0" statements="3" coveredstatements="2" elements="5" coveredelements="3"/>
      </class>
      <line num="16" type="method" name="schedule" visibility="protected" complexity="1" crap="2" count="0"/>
      <line num="19" type="stmt" count="0"/>
      <line num="26" type="method" name="commands" visibility="protected" complexity="1" crap="1" count="35"/>
      <line num="28" type="stmt" count="35"/>
      <line num="30" type="stmt" count="35"/>
      <metrics loc="33" ncloc="21" classes="1" methods="2" coveredmethods="1" conditionals="0" coveredconditionals="0" statements="3" coveredstatements="2" elements="5" coveredelements="3"/>
    </file>
    <file name="/var/www/html/desafio/app/Exceptions/Handler.php">
      <class name="App\Exceptions\Handler" namespace="global">
        <metrics complexity="1" methods="1" coveredmethods="1" conditionals="0" coveredconditionals="0" statements="4" coveredstatements="4" elements="5" coveredelements="5"/>
      </class>
      <line num="35" type="method" name="register" visibility="public" complexity="1" crap="1" count="35"/>
      <line num="37" type="stmt" count="35"/>
      <line num="38" type="stmt" count="35"/>
      <line num="40" type="stmt" count="35"/>
      <line num="41" type="stmt" count="35"/>
      <metrics loc="44" ncloc="28" classes="1" methods="1" coveredmethods="1" conditionals="0" coveredconditionals="0" statements="4" coveredstatements="4" elements="5" coveredelements="5"/>
    </file>
    <file name="/var/www/html/desafio/app/Exceptions/UsersExceptions/UserAlreadExistsException.php">
      <class name="App\Exceptions\UsersExceptions\UserAlreadExistsException" namespace="global">
        <metrics complexity="2" methods="2" coveredmethods="2" conditionals="0" coveredconditionals="0" statements="2" coveredstatements="2" elements="4" coveredelements="4"/>
      </class>
      <line num="17" type="method" name="report" visibility="public" complexity="1" crap="1" count="1"/>
      <line num="19" type="stmt" count="1"/>
      <line num="29" type="method" name="render" visibility="public" complexity="1" crap="1" count="1"/>
      <line num="31" type="stmt" count="1"/>
      <metrics loc="33" ncloc="21" classes="1" methods="2" coveredmethods="2" conditionals="0" coveredconditionals="0" statements="2" coveredstatements="2" elements="4" coveredelements="4"/>
    </file>
    <file name="/var/www/html/desafio/app/Exceptions/UsersExceptions/UserNotExistsException.php">
      <class name="App\Exceptions\UsersExceptions\UserNotExistsException" namespace="global">
        <metrics complexity="2" methods="2" coveredmethods="2" conditionals="0" coveredconditionals="0" statements="2" coveredstatements="2" elements="4" coveredelements="4"/>
      </class>
      <line num="17" type="method" name="report" visibility="public" complexity="1" crap="1" count="1"/>
      <line num="19" type="stmt" count="1"/>
      <line num="29" type="method" name="render" visibility="public" complexity="1" crap="1" count="1"/>
      <line num="31" type="stmt" count="1"/>
      <metrics loc="34" ncloc="22" classes="1" methods="2" coveredmethods="2" conditionals="0" coveredconditionals="0" statements="2" coveredstatements="2" elements="4" coveredelements="4"/>
    </file>
    <file name="/var/www/html/desafio/app/Helpers/UserHelper.php">
      <class name="App\Helpers\UserHelper" namespace="global">
        <metrics complexity="10" methods="6" coveredmethods="6" conditionals="0" coveredconditionals="0" statements="18" coveredstatements="18" elements="24" coveredelements="24"/>
      </class>
      <line num="18" type="method" name="__construct" visibility="public" complexity="1" crap="1" count="10"/>
      <line num="20" type="stmt" count="10"/>
      <line num="29" type="method" name="definesUserEntity" visibility="public" complexity="2" crap="2" count="3"/>
      <line num="31" type="stmt" count="3"/>
      <line num="40" type="method" name="hasUser" visibility="public" complexity="2" crap="2" count="2"/>
      <line num="42" type="stmt" count="2"/>
      <line num="43" type="stmt" count="1"/>
      <line num="46" type="stmt" count="1"/>
      <line num="56" type="method" name="validateRequestUpdate" visibility="public" complexity="2" crap="2" count="2"/>
      <line num="58" type="stmt" count="2"/>
      <line num="59" type="stmt" count="2"/>
      <line num="60" type="stmt" count="2"/>
      <line num="61" type="stmt" count="2"/>
      <line num="62" type="stmt" count="2"/>
      <line num="63" type="stmt" count="2"/>
      <line num="65" type="stmt" count="2"/>
      <line num="66" type="stmt" count="1"/>
      <line num="77" type="method" name="hasNewPassword" visibility="public" complexity="2" crap="2" count="2"/>
      <line num="79" type="stmt" count="2"/>
      <line num="81" type="stmt" count="2"/>
      <line num="82" type="stmt" count="1"/>
      <line num="85" type="stmt" count="1"/>
      <line num="94" type="method" name="encryptPassword" visibility="public" complexity="1" crap="1" count="2"/>
      <line num="96" type="stmt" count="2"/>
      <metrics loc="99" ncloc="67" classes="1" methods="6" coveredmethods="6" conditionals="0" coveredconditionals="0" statements="18" coveredstatements="18" elements="24" coveredelements="24"/>
    </file>
    <file name="/var/www/html/desafio/app/Http/Controllers/Api/HealthController.php">
      <class name="App\Http\Controllers\Api\HealthController" namespace="global">
        <metrics complexity="1" methods="1" coveredmethods="1" conditionals="0" coveredconditionals="0" statements="5" coveredstatements="5" elements="6" coveredelements="6"/>
      </class>
      <line num="10" type="method" name="check" visibility="public" complexity="1" crap="1" count="2"/>
      <line num="12" type="stmt" count="2"/>
      <line num="13" type="stmt" count="2"/>
      <line num="14" type="stmt" count="2"/>
      <line num="15" type="stmt" count="2"/>
      <line num="16" type="stmt" count="2"/>
      <metrics loc="18" ncloc="18" classes="1" methods="1" coveredmethods="1" conditionals="0" coveredconditionals="0" statements="5" coveredstatements="5" elements="6" coveredelements="6"/>
    </file>
    <file name="/var/www/html/desafio/app/Http/Controllers/Controller.php">
      <class name="App\Http\Controllers\Controller" namespace="global">
        <metrics complexity="0" methods="0" coveredmethods="0" conditionals="0" coveredconditionals="0" statements="0" coveredstatements="0" elements="0" coveredelements="0"/>
      </class>
      <metrics loc="21" ncloc="14" classes="0" methods="0" coveredmethods="0" conditionals="0" coveredconditionals="0" statements="0" coveredstatements="0" elements="0" coveredelements="0"/>
    </file>
    <file name="/var/www/html/desafio/app/Http/Controllers/Documentation/UserControllerDocumentation.php">
      <metrics loc="200" ncloc="19" classes="0" methods="0" coveredmethods="0" conditionals="0" coveredconditionals="0" statements="0" coveredstatements="0" elements="0" coveredelements="0"/>
    </file>
    <file name="/var/www/html/desafio/app/Http/Controllers/UserController.php">
      <class name="App\Http\Controllers\UserController" namespace="global">
        <metrics complexity="6" methods="5" coveredmethods="5" conditionals="0" coveredconditionals="0" statements="22" coveredstatements="22" elements="27" coveredelements="27"/>
      </class>
      <line num="17" type="method" name="__construct" visibility="public" complexity="1" crap="1" count="10"/>
      <line num="22" type="stmt" count="10"/>
      <line num="23" type="stmt" count="10"/>
      <line num="24" type="stmt" count="10"/>
      <line num="34" type="method" name="createUser" visibility="public" complexity="2" crap="2" count="3"/>
      <line num="36" type="stmt" count="3"/>
      <line num="37" type="stmt" count="1"/>
      <line num="40" type="stmt" count="2"/>
      <line num="41" type="stmt" count="2"/>
      <line num="42" type="stmt" count="2"/>
      <line num="43" type="stmt" count="2"/>
      <line num="45" type="stmt" count="2"/>
      <line num="55" type="method" name="getUser" visibility="public" complexity="1" crap="1" count="2"/>
      <line num="57" type="stmt" count="2"/>
      <line num="58" type="stmt" count="1"/>
      <line num="67" type="method" name="deleteUser" visibility="public" complexity="1" crap="1" count="2"/>
      <line num="69" type="stmt" count="2"/>
      <line num="70" type="stmt" count="1"/>
      <line num="71" type="stmt" count="1"/>
      <line num="81" type="method" name="updateUser" visibility="public" complexity="1" crap="1" count="2"/>
      <line num="83" type="stmt" count="2"/>
      <line num="84" type="stmt" count="1"/>
      <line num="86" type="stmt" count="1"/>
      <line num="87" type="stmt" count="1"/>
      <line num="89" type="stmt" count="1"/>
      <line num="90" type="stmt" count="1"/>
      <line num="92" type="stmt" count="1"/>
      <metrics loc="95" ncloc="70" classes="1" methods="5" coveredmethods="5" conditionals="0" coveredconditionals="0" statements="22" coveredstatements="22" elements="27" coveredelements="27"/>
    </file>
    <file name="/var/www/html/desafio/app/Http/Kernel.php">
      <class name="App\Http\Kernel" namespace="global">
        <metrics complexity="0" methods="0" coveredmethods="0" conditionals="0" coveredconditionals="0" statements="0" coveredstatements="0" elements="0" coveredelements="0"/>
      </class>
      <metrics loc="68" ncloc="46" classes="0" methods="0" coveredmethods="0" conditionals="0" coveredconditionals="0" statements="0" coveredstatements="0" elements="0" coveredelements="0"/>
    </file>
    <file name="/var/www/html/desafio/app/Http/Requests/CreateUserDto.php">
      <class name="App\Http\Requests\CreateUserDto" namespace="global">
        <metrics complexity="2" methods="2" coveredmethods="2" conditionals="0" coveredconditionals="0" statements="25" coveredstatements="25" elements="27" coveredelements="27"/>
      </class>
      <line num="18" type="method" name="rules" visibility="public" complexity="1" crap="1" count="3"/>
      <line num="20" type="stmt" count="3"/>
      <line num="21" type="stmt" count="3"/>
      <line num="22" type="stmt" count="3"/>
      <line num="23" type="stmt" count="3"/>
      <line num="24" type="stmt" count="3"/>
      <line num="25" type="stmt" count="3"/>
      <line num="26" type="stmt" count="3"/>
      <line num="29" type="method" name="messages" visibility="public" complexity="1" crap="1" count="3"/>
      <line num="31" type="stmt" count="3"/>
      <line num="33" type="stmt" count="3"/>
      <line num="34" type="stmt" count="3"/>
      <line num="35" type="stmt" count="3"/>
      <line num="36" type="stmt" count="3"/>
      <line num="38" type="stmt" count="3"/>
      <line num="39" type="stmt" count="3"/>
      <line num="40" type="stmt" count="3"/>
      <line num="42" type="stmt" count="3"/>
      <line num="44" type="stmt" count="3"/>
      <line num="45" type="stmt" count="3"/>
      <line num="46" type="stmt" count="3"/>
      <line num="47" type="stmt" count="3"/>
      <line num="49" type="stmt" count="3"/>
      <line num="50" type="stmt" count="3"/>
      <line num="51" type="stmt" count="3"/>
      <line num="52" type="stmt" count="3"/>
      <line num="53" type="stmt" count="3"/>
      <metrics loc="55" ncloc="50" classes="1" methods="2" coveredmethods="2" conditionals="0" coveredconditionals="0" statements="25" coveredstatements="25" elements="27" coveredelements="27"/>
    </file>
    <file name="/var/www/html/desafio/app/Http/Resources/UserResource.php">
      <class name="App\Http\Resources\UserResource" namespace="global">
        <metrics complexity="1" methods="1" coveredmethods="1" conditionals="0" coveredconditionals="0" statements="6" coveredstatements="6" elements="7" coveredelements="7"/>
      </class>
      <line num="19" type="method" name="toArray" visibility="public" complexity="1" crap="1" count="3"/>
      <line num="21" type="stmt" count="3"/>
      <line num="22" type="stmt" count="3"/>
      <line num="23" type="stmt" count="3"/>
      <line num="24" type="stmt" count="3"/>
      <line num="25" type="stmt" count="3"/>
      <line num="26" type="stmt" count="3"/>
      <metrics loc="29" ncloc="22" classes="1" methods="1" coveredmethods="1" conditionals="0" coveredconditionals="0" statements="6" coveredstatements="6" elements="7" coveredelements="7"/>
    </file>
    <file name="/var/www/html/desafio/app/Models/Account.php">
      <class name="App\Models\Account" namespace="global">
        <metrics complexity="0" methods="0" coveredmethods="0" conditionals="0" coveredconditionals="0" statements="0" coveredstatements="0" elements="0" coveredelements="0"/>
      </class>
      <metrics loc="12" ncloc="12" classes="0" methods="0" coveredmethods="0" conditionals="0" coveredconditionals="0" statements="0" coveredstatements="0" elements="0" coveredelements="0"/>
    </file>
    <file name="/var/www/html/desafio/app/Models/TransactionType.php">
      <class name="App\Models\TransactionType" namespace="global">
        <metrics complexity="0" methods="0" coveredmethods="0" conditionals="0" coveredconditionals="0" statements="0" coveredstatements="0" elements="0" coveredelements="0"/>
      </class>
      <metrics loc="15" ncloc="15" classes="0" methods="0" coveredmethods="0" conditionals="0" coveredconditionals="0" statements="0" coveredstatements="0" elements="0" coveredelements="0"/>
    </file>
    <file name="/var/www/html/desafio/app/Models/User.php">
      <class name="App\Models\User" namespace="global">
        <metrics complexity="0" methods="0" coveredmethods="0" conditionals="0" coveredconditionals="0" statements="0" coveredstatements="0" elements="0" coveredelements="0"/>
      </class>
      <metrics loc="34" ncloc="26" classes="0" methods="0" coveredmethods="0" conditionals="0" coveredconditionals="0" statements="0" coveredstatements="0" elements="0" coveredelements="0"/>
    </file>
    <file name="/var/www/html/desafio/app/Models/UserDto.php">
      <class name="App\Models\UserDto" namespace="global">
        <metrics complexity="0" methods="0" coveredmethods="0" conditionals="0" coveredconditionals="0" statements="0" coveredstatements="0" elements="0" coveredelements="0"/>
      </class>
      <metrics loc="17" ncloc="17" classes="0" methods="0" coveredmethods="0" conditionals="0" coveredconditionals="0" statements="0" coveredstatements="0" elements="0" coveredelements="0"/>
    </file>
    <file name="/var/www/html/desafio/app/Repositories/UserRepository.php">
      <class name="App\Repositories\UserRepository" namespace="global">
        <metrics complexity="10" methods="7" coveredmethods="7" conditionals="0" coveredconditionals="0" statements="19" coveredstatements="19" elements="26" coveredelements="26"/>
      </class>
      <line num="17" type="method" name="getUserByEmail" visibility="public" complexity="2" crap="2" count="3"/>
      <line num="19" type="stmt" count="3"/>
      <line num="20" type="stmt" count="3"/>
      <line num="29" type="method" name="getUserById" visibility="public" complexity="2" crap="2" count="2"/>
      <line num="31" type="stmt" count="2"/>
      <line num="32" type="stmt" count="2"/>
      <line num="41" type="method" name="createUser" visibility="public" complexity="1" crap="1" count="2"/>
      <line num="43" type="stmt" count="2"/>
      <line num="44" type="stmt" count="2"/>
      <line num="46" type="stmt" count="2"/>
      <line num="55" type="method" name="deleteUser" visibility="public" complexity="1" crap="1" count="1"/>
      <line num="57" type="stmt" count="1"/>
      <line num="67" type="method" name="updateUser" visibility="public" complexity="1" crap="1" count="1"/>
      <line num="69" type="stmt" count="1"/>
      <line num="70" type="stmt" count="1"/>
      <line num="80" type="method" name="createUserModel" visibility="private" complexity="1" crap="1" count="3"/>
      <line num="82" type="stmt" count="3"/>
      <line num="83" type="stmt" count="3"/>
      <line num="84" type="stmt" count="3"/>
      <line num="85" type="stmt" count="3"/>
      <line num="86" type="stmt" count="3"/>
      <line num="87" type="stmt" count="3"/>
      <line num="88" type="stmt" count="3"/>
      <line num="90" type="stmt" count="3"/>
      <line num="100" type="method" name="hasUserId" visibility="private" complexity="2" crap="2" count="3"/>
      <line num="102" type="stmt" count="3"/>
      <metrics loc="105" ncloc="60" classes="1" methods="7" coveredmethods="7" conditionals="0" coveredconditionals="0" statements="19" coveredstatements="19" elements="26" coveredelements="26"/>
    </file>
    <file name="/var/www/html/desafio/app/Rules/CnpjUser.php">
      <class name="App\Rules\CnpjUser" namespace="global">
        <metrics complexity="11" methods="3" coveredmethods="1" conditionals="0" coveredconditionals="0" statements="15" coveredstatements="10" elements="18" coveredelements="11"/>
      </class>
      <line num="14" type="method" name="__construct" visibility="public" complexity="1" crap="1" count="5"/>
      <line num="17" type="stmt" count="5"/>
      <line num="26" type="method" name="passes" visibility="public" complexity="9" crap="11.36" count="4"/>
      <line num="28" type="stmt" count="4"/>
      <line num="30" type="stmt" count="4"/>
      <line num="32" type="stmt" count="4"/>
      <line num="33" type="stmt" count="0"/>
      <line num="34" type="stmt" count="4"/>
      <line num="36" type="stmt" count="0"/>
      <line num="39" type="stmt" count="4"/>
      <line num="41" type="stmt" count="4"/>
      <line num="42" type="stmt" count="0"/>
      <line num="45" type="stmt" count="4"/>
      <line num="47" type="stmt" count="4"/>
      <line num="48" type="stmt" count="0"/>
      <line num="51" type="stmt" count="4"/>
      <line num="59" type="method" name="message" visibility="public" complexity="1" crap="2" count="0"/>
      <line num="61" type="stmt" count="0"/>
      <metrics loc="64" ncloc="46" classes="1" methods="3" coveredmethods="1" conditionals="0" coveredconditionals="0" statements="15" coveredstatements="10" elements="18" coveredelements="11"/>
    </file>
    <file name="/var/www/html/desafio/app/Rules/CpfUser.php">
      <class name="App\Rules\CpfUser" namespace="global">
        <metrics complexity="11" methods="3" coveredmethods="1" conditionals="0" coveredconditionals="0" statements="12" coveredstatements="8" elements="15" coveredelements="9"/>
      </class>
      <line num="14" type="method" name="__construct" visibility="public" complexity="1" crap="1" count="5"/>
      <line num="17" type="stmt" count="5"/>
      <line num="26" type="method" name="passes" visibility="public" complexity="9" crap="11.19" count="4"/>
      <line num="28" type="stmt" count="4"/>
      <line num="30" type="stmt" count="4"/>
      <line num="31" type="stmt" count="0"/>
      <line num="34" type="stmt" count="4"/>
      <line num="36" type="stmt" count="4"/>
      <line num="37" type="stmt" count="0"/>
      <line num="40" type="stmt" count="4"/>
      <line num="42" type="stmt" count="4"/>
      <line num="43" type="stmt" count="0"/>
      <line num="46" type="stmt" count="4"/>
      <line num="54" type="method" name="message" visibility="public" complexity="1" crap="2" count="0"/>
      <line num="56" type="stmt" count="0"/>
      <metrics loc="59" ncloc="41" classes="1" methods="3" coveredmethods="1" conditionals="0" coveredconditionals="0" statements="12" coveredstatements="8" elements="15" coveredelements="9"/>
    </file>
    <metrics files="20" loc="1066" ncloc="640" classes="13" methods="36" coveredmethods="31" conditionals="0" coveredconditionals="0" statements="143" coveredstatements="133" elements="179" coveredelements="164"/>
  </project>
</coverage>
